2023-abr.-17 15:06:43 p. m. [main] INFO  org.hibernate.jpa.internal.util.LogHelper - HHH000204: Processing PersistenceUnitInfo [name: default]
2023-abr.-17 15:06:43 p. m. [main] INFO  org.hibernate.Version - HHH000412: Hibernate ORM core version 5.6.12.Final
2023-abr.-17 15:06:43 p. m. [main] INFO  org.hibernate.annotations.common.Version - HCANN000001: Hibernate Commons Annotations {5.1.2.Final}
2023-abr.-17 15:06:44 p. m. [main] INFO  org.hibernate.dialect.Dialect - HHH000400: Using dialect: org.hibernate.dialect.PostgreSQLDialect
2023-abr.-17 15:06:44 p. m. [main] INFO  org.hibernate.engine.transaction.jta.platform.internal.JtaPlatformInitiator - HHH000490: Using JtaPlatform implementation: [org.hibernate.engine.transaction.jta.platform.internal.NoJtaPlatform]
2023-abr.-17 15:06:45 p. m. [main] DEBUG org.hibernate.SQL - select distance0_.id as id1_2_, distance0_.country as country3_2_, distance0_.to_buenos_aires as to_bueno2_2_ from distances distance0_
2023-abr.-17 15:06:45 p. m. [main] DEBUG org.hibernate.SQL - select country0_.code_iso as code_iso1_0_0_, country0_.currency as currency7_0_0_, country0_.languages as language2_0_0_, country0_.latitude as latitude3_0_0_, country0_.longitude as longitud4_0_0_, country0_.name as name5_0_0_, country0_.timezones as timezone6_0_0_, currency1_.code as code1_1_1_, currency1_.name as name2_1_1_ from countries country0_ left outer join currencies currency1_ on country0_.currency=currency1_.code where country0_.code_iso=?
2023-abr.-17 15:06:45 p. m. [main] DEBUG org.hibernate.SQL - select country0_.code_iso as code_iso1_0_0_, country0_.currency as currency7_0_0_, country0_.languages as language2_0_0_, country0_.latitude as latitude3_0_0_, country0_.longitude as longitud4_0_0_, country0_.name as name5_0_0_, country0_.timezones as timezone6_0_0_, currency1_.code as code1_1_1_, currency1_.name as name2_1_1_ from countries country0_ left outer join currencies currency1_ on country0_.currency=currency1_.code where country0_.code_iso=?
2023-abr.-17 15:07:40 p. m. [main] INFO  org.hibernate.jpa.internal.util.LogHelper - HHH000204: Processing PersistenceUnitInfo [name: default]
2023-abr.-17 15:07:40 p. m. [main] INFO  org.hibernate.Version - HHH000412: Hibernate ORM core version 5.6.12.Final
2023-abr.-17 15:07:41 p. m. [main] INFO  org.hibernate.annotations.common.Version - HCANN000001: Hibernate Commons Annotations {5.1.2.Final}
2023-abr.-17 15:07:41 p. m. [main] INFO  org.hibernate.dialect.Dialect - HHH000400: Using dialect: org.hibernate.dialect.PostgreSQLDialect
2023-abr.-17 15:07:42 p. m. [main] INFO  org.hibernate.engine.transaction.jta.platform.internal.JtaPlatformInitiator - HHH000490: Using JtaPlatform implementation: [org.hibernate.engine.transaction.jta.platform.internal.NoJtaPlatform]
2023-abr.-17 15:07:42 p. m. [main] DEBUG org.hibernate.SQL - select distance0_.id as id1_2_, distance0_.country as country3_2_, distance0_.to_buenos_aires as to_bueno2_2_ from distances distance0_
2023-abr.-17 15:07:43 p. m. [main] DEBUG org.hibernate.SQL - select country0_.code_iso as code_iso1_0_0_, country0_.currency as currency7_0_0_, country0_.languages as language2_0_0_, country0_.latitude as latitude3_0_0_, country0_.longitude as longitud4_0_0_, country0_.name as name5_0_0_, country0_.timezones as timezone6_0_0_, currency1_.code as code1_1_1_, currency1_.name as name2_1_1_ from countries country0_ left outer join currencies currency1_ on country0_.currency=currency1_.code where country0_.code_iso=?
2023-abr.-17 15:07:43 p. m. [main] DEBUG org.hibernate.SQL - select country0_.code_iso as code_iso1_0_0_, country0_.currency as currency7_0_0_, country0_.languages as language2_0_0_, country0_.latitude as latitude3_0_0_, country0_.longitude as longitud4_0_0_, country0_.name as name5_0_0_, country0_.timezones as timezone6_0_0_, currency1_.code as code1_1_1_, currency1_.name as name2_1_1_ from countries country0_ left outer join currencies currency1_ on country0_.currency=currency1_.code where country0_.code_iso=?
2023-abr.-17 15:09:02 p. m. [main] INFO  org.hibernate.jpa.internal.util.LogHelper - HHH000204: Processing PersistenceUnitInfo [name: default]
2023-abr.-17 15:09:02 p. m. [main] INFO  org.hibernate.Version - HHH000412: Hibernate ORM core version 5.6.12.Final
2023-abr.-17 15:09:02 p. m. [main] INFO  org.hibernate.annotations.common.Version - HCANN000001: Hibernate Commons Annotations {5.1.2.Final}
2023-abr.-17 15:09:02 p. m. [main] INFO  org.hibernate.dialect.Dialect - HHH000400: Using dialect: org.hibernate.dialect.PostgreSQLDialect
2023-abr.-17 15:09:03 p. m. [main] INFO  org.hibernate.engine.transaction.jta.platform.internal.JtaPlatformInitiator - HHH000490: Using JtaPlatform implementation: [org.hibernate.engine.transaction.jta.platform.internal.NoJtaPlatform]
2023-abr.-17 15:09:04 p. m. [main] DEBUG org.hibernate.SQL - select distance0_.id as id1_2_, distance0_.country as country3_2_, distance0_.to_buenos_aires as to_bueno2_2_ from distances distance0_
2023-abr.-17 15:09:04 p. m. [main] DEBUG org.hibernate.SQL - select country0_.code_iso as code_iso1_0_0_, country0_.currency as currency7_0_0_, country0_.languages as language2_0_0_, country0_.latitude as latitude3_0_0_, country0_.longitude as longitud4_0_0_, country0_.name as name5_0_0_, country0_.timezones as timezone6_0_0_, currency1_.code as code1_1_1_, currency1_.name as name2_1_1_ from countries country0_ left outer join currencies currency1_ on country0_.currency=currency1_.code where country0_.code_iso=?
2023-abr.-17 15:09:04 p. m. [main] DEBUG org.hibernate.SQL - select country0_.code_iso as code_iso1_0_0_, country0_.currency as currency7_0_0_, country0_.languages as language2_0_0_, country0_.latitude as latitude3_0_0_, country0_.longitude as longitud4_0_0_, country0_.name as name5_0_0_, country0_.timezones as timezone6_0_0_, currency1_.code as code1_1_1_, currency1_.name as name2_1_1_ from countries country0_ left outer join currencies currency1_ on country0_.currency=currency1_.code where country0_.code_iso=?
2023-abr.-17 15:10:12 p. m. [main] INFO  org.hibernate.jpa.internal.util.LogHelper - HHH000204: Processing PersistenceUnitInfo [name: default]
2023-abr.-17 15:10:12 p. m. [main] INFO  org.hibernate.Version - HHH000412: Hibernate ORM core version 5.6.12.Final
2023-abr.-17 15:10:12 p. m. [main] INFO  org.hibernate.annotations.common.Version - HCANN000001: Hibernate Commons Annotations {5.1.2.Final}
2023-abr.-17 15:10:12 p. m. [main] INFO  org.hibernate.dialect.Dialect - HHH000400: Using dialect: org.hibernate.dialect.PostgreSQLDialect
2023-abr.-17 15:10:13 p. m. [main] INFO  org.hibernate.engine.transaction.jta.platform.internal.JtaPlatformInitiator - HHH000490: Using JtaPlatform implementation: [org.hibernate.engine.transaction.jta.platform.internal.NoJtaPlatform]
2023-abr.-17 15:10:14 p. m. [main] DEBUG org.hibernate.SQL - select distance0_.id as id1_2_, distance0_.country as country3_2_, distance0_.to_buenos_aires as to_bueno2_2_ from distances distance0_
2023-abr.-17 15:10:14 p. m. [main] DEBUG org.hibernate.SQL - select country0_.code_iso as code_iso1_0_0_, country0_.currency as currency7_0_0_, country0_.languages as language2_0_0_, country0_.latitude as latitude3_0_0_, country0_.longitude as longitud4_0_0_, country0_.name as name5_0_0_, country0_.timezones as timezone6_0_0_, currency1_.code as code1_1_1_, currency1_.name as name2_1_1_ from countries country0_ left outer join currencies currency1_ on country0_.currency=currency1_.code where country0_.code_iso=?
2023-abr.-17 15:10:14 p. m. [main] DEBUG org.hibernate.SQL - select country0_.code_iso as code_iso1_0_0_, country0_.currency as currency7_0_0_, country0_.languages as language2_0_0_, country0_.latitude as latitude3_0_0_, country0_.longitude as longitud4_0_0_, country0_.name as name5_0_0_, country0_.timezones as timezone6_0_0_, currency1_.code as code1_1_1_, currency1_.name as name2_1_1_ from countries country0_ left outer join currencies currency1_ on country0_.currency=currency1_.code where country0_.code_iso=?
2023-abr.-17 15:11:08 p. m. [main] INFO  org.hibernate.jpa.internal.util.LogHelper - HHH000204: Processing PersistenceUnitInfo [name: default]
2023-abr.-17 15:11:08 p. m. [main] INFO  org.hibernate.Version - HHH000412: Hibernate ORM core version 5.6.12.Final
2023-abr.-17 15:11:09 p. m. [main] INFO  org.hibernate.annotations.common.Version - HCANN000001: Hibernate Commons Annotations {5.1.2.Final}
2023-abr.-17 15:11:09 p. m. [main] INFO  org.hibernate.dialect.Dialect - HHH000400: Using dialect: org.hibernate.dialect.PostgreSQLDialect
2023-abr.-17 15:11:09 p. m. [main] INFO  org.hibernate.engine.transaction.jta.platform.internal.JtaPlatformInitiator - HHH000490: Using JtaPlatform implementation: [org.hibernate.engine.transaction.jta.platform.internal.NoJtaPlatform]
2023-abr.-17 15:11:10 p. m. [main] DEBUG org.hibernate.SQL - select distance0_.id as id1_2_, distance0_.country as country3_2_, distance0_.to_buenos_aires as to_bueno2_2_ from distances distance0_
2023-abr.-17 15:11:10 p. m. [main] DEBUG org.hibernate.SQL - select country0_.code_iso as code_iso1_0_0_, country0_.currency as currency7_0_0_, country0_.languages as language2_0_0_, country0_.latitude as latitude3_0_0_, country0_.longitude as longitud4_0_0_, country0_.name as name5_0_0_, country0_.timezones as timezone6_0_0_, currency1_.code as code1_1_1_, currency1_.name as name2_1_1_ from countries country0_ left outer join currencies currency1_ on country0_.currency=currency1_.code where country0_.code_iso=?
2023-abr.-17 15:11:10 p. m. [main] DEBUG org.hibernate.SQL - select country0_.code_iso as code_iso1_0_0_, country0_.currency as currency7_0_0_, country0_.languages as language2_0_0_, country0_.latitude as latitude3_0_0_, country0_.longitude as longitud4_0_0_, country0_.name as name5_0_0_, country0_.timezones as timezone6_0_0_, currency1_.code as code1_1_1_, currency1_.name as name2_1_1_ from countries country0_ left outer join currencies currency1_ on country0_.currency=currency1_.code where country0_.code_iso=?
2023-abr.-17 15:13:26 p. m. [main] INFO  org.hibernate.jpa.internal.util.LogHelper - HHH000204: Processing PersistenceUnitInfo [name: default]
2023-abr.-17 15:13:26 p. m. [main] INFO  org.hibernate.Version - HHH000412: Hibernate ORM core version 5.6.12.Final
2023-abr.-17 15:13:26 p. m. [main] INFO  org.hibernate.annotations.common.Version - HCANN000001: Hibernate Commons Annotations {5.1.2.Final}
2023-abr.-17 15:13:27 p. m. [main] INFO  org.hibernate.dialect.Dialect - HHH000400: Using dialect: org.hibernate.dialect.PostgreSQLDialect
2023-abr.-17 15:13:27 p. m. [main] INFO  org.hibernate.engine.transaction.jta.platform.internal.JtaPlatformInitiator - HHH000490: Using JtaPlatform implementation: [org.hibernate.engine.transaction.jta.platform.internal.NoJtaPlatform]
2023-abr.-17 15:13:28 p. m. [main] ERROR com.ipgeolocation.IPGeolocationAPI - Error log prueba
2023-abr.-17 15:13:28 p. m. [main] DEBUG org.hibernate.SQL - select distance0_.id as id1_2_, distance0_.country as country3_2_, distance0_.to_buenos_aires as to_bueno2_2_ from distances distance0_
2023-abr.-17 15:13:28 p. m. [main] DEBUG org.hibernate.SQL - select country0_.code_iso as code_iso1_0_0_, country0_.currency as currency7_0_0_, country0_.languages as language2_0_0_, country0_.latitude as latitude3_0_0_, country0_.longitude as longitud4_0_0_, country0_.name as name5_0_0_, country0_.timezones as timezone6_0_0_, currency1_.code as code1_1_1_, currency1_.name as name2_1_1_ from countries country0_ left outer join currencies currency1_ on country0_.currency=currency1_.code where country0_.code_iso=?
2023-abr.-17 15:13:28 p. m. [main] DEBUG org.hibernate.SQL - select country0_.code_iso as code_iso1_0_0_, country0_.currency as currency7_0_0_, country0_.languages as language2_0_0_, country0_.latitude as latitude3_0_0_, country0_.longitude as longitud4_0_0_, country0_.name as name5_0_0_, country0_.timezones as timezone6_0_0_, currency1_.code as code1_1_1_, currency1_.name as name2_1_1_ from countries country0_ left outer join currencies currency1_ on country0_.currency=currency1_.code where country0_.code_iso=?
2023-abr.-17 15:14:25 p. m. [main] INFO  org.hibernate.jpa.internal.util.LogHelper - HHH000204: Processing PersistenceUnitInfo [name: default]
2023-abr.-17 15:14:25 p. m. [main] INFO  org.hibernate.Version - HHH000412: Hibernate ORM core version 5.6.12.Final
2023-abr.-17 15:14:25 p. m. [main] INFO  org.hibernate.annotations.common.Version - HCANN000001: Hibernate Commons Annotations {5.1.2.Final}
2023-abr.-17 15:14:25 p. m. [main] INFO  org.hibernate.dialect.Dialect - HHH000400: Using dialect: org.hibernate.dialect.PostgreSQLDialect
2023-abr.-17 15:14:26 p. m. [main] INFO  org.hibernate.engine.transaction.jta.platform.internal.JtaPlatformInitiator - HHH000490: Using JtaPlatform implementation: [org.hibernate.engine.transaction.jta.platform.internal.NoJtaPlatform]
2023-abr.-17 15:14:27 p. m. [main] ERROR com.ipgeolocation.IPGeolocationAPI - Error log prueba
2023-abr.-17 15:14:27 p. m. [main] DEBUG org.hibernate.SQL - select distance0_.id as id1_2_, distance0_.country as country3_2_, distance0_.to_buenos_aires as to_bueno2_2_ from distances distance0_
2023-abr.-17 15:14:27 p. m. [main] DEBUG org.hibernate.SQL - select country0_.code_iso as code_iso1_0_0_, country0_.currency as currency7_0_0_, country0_.languages as language2_0_0_, country0_.latitude as latitude3_0_0_, country0_.longitude as longitud4_0_0_, country0_.name as name5_0_0_, country0_.timezones as timezone6_0_0_, currency1_.code as code1_1_1_, currency1_.name as name2_1_1_ from countries country0_ left outer join currencies currency1_ on country0_.currency=currency1_.code where country0_.code_iso=?
2023-abr.-17 15:14:27 p. m. [main] DEBUG org.hibernate.SQL - select country0_.code_iso as code_iso1_0_0_, country0_.currency as currency7_0_0_, country0_.languages as language2_0_0_, country0_.latitude as latitude3_0_0_, country0_.longitude as longitud4_0_0_, country0_.name as name5_0_0_, country0_.timezones as timezone6_0_0_, currency1_.code as code1_1_1_, currency1_.name as name2_1_1_ from countries country0_ left outer join currencies currency1_ on country0_.currency=currency1_.code where country0_.code_iso=?
2023-abr.-17 15:17:44 p. m. [main] INFO  org.hibernate.jpa.internal.util.LogHelper - HHH000204: Processing PersistenceUnitInfo [name: default]
2023-abr.-17 15:17:45 p. m. [main] INFO  org.hibernate.Version - HHH000412: Hibernate ORM core version 5.6.12.Final
2023-abr.-17 15:17:45 p. m. [main] INFO  org.hibernate.annotations.common.Version - HCANN000001: Hibernate Commons Annotations {5.1.2.Final}
2023-abr.-17 15:17:45 p. m. [main] INFO  org.hibernate.dialect.Dialect - HHH000400: Using dialect: org.hibernate.dialect.PostgreSQLDialect
2023-abr.-17 15:17:46 p. m. [main] INFO  org.hibernate.engine.transaction.jta.platform.internal.JtaPlatformInitiator - HHH000490: Using JtaPlatform implementation: [org.hibernate.engine.transaction.jta.platform.internal.NoJtaPlatform]
2023-abr.-17 15:17:46 p. m. [main] ERROR com.ipgeolocation.IPGeolocationAPI - Error log prueba
2023-abr.-17 15:17:46 p. m. [main] DEBUG org.hibernate.SQL - select distance0_.id as id1_2_, distance0_.country as country3_2_, distance0_.to_buenos_aires as to_bueno2_2_ from distances distance0_
2023-abr.-17 15:17:46 p. m. [main] DEBUG org.hibernate.SQL - select country0_.code_iso as code_iso1_0_0_, country0_.currency as currency7_0_0_, country0_.languages as language2_0_0_, country0_.latitude as latitude3_0_0_, country0_.longitude as longitud4_0_0_, country0_.name as name5_0_0_, country0_.timezones as timezone6_0_0_, currency1_.code as code1_1_1_, currency1_.name as name2_1_1_ from countries country0_ left outer join currencies currency1_ on country0_.currency=currency1_.code where country0_.code_iso=?
2023-abr.-17 15:17:46 p. m. [main] DEBUG org.hibernate.SQL - select country0_.code_iso as code_iso1_0_0_, country0_.currency as currency7_0_0_, country0_.languages as language2_0_0_, country0_.latitude as latitude3_0_0_, country0_.longitude as longitud4_0_0_, country0_.name as name5_0_0_, country0_.timezones as timezone6_0_0_, currency1_.code as code1_1_1_, currency1_.name as name2_1_1_ from countries country0_ left outer join currencies currency1_ on country0_.currency=currency1_.code where country0_.code_iso=?
2023-abr.-17 15:18:30 p. m. [main] INFO  org.hibernate.jpa.internal.util.LogHelper - HHH000204: Processing PersistenceUnitInfo [name: default]
2023-abr.-17 15:18:31 p. m. [main] INFO  org.hibernate.Version - HHH000412: Hibernate ORM core version 5.6.12.Final
2023-abr.-17 15:18:31 p. m. [main] INFO  org.hibernate.annotations.common.Version - HCANN000001: Hibernate Commons Annotations {5.1.2.Final}
2023-abr.-17 15:18:31 p. m. [main] INFO  org.hibernate.dialect.Dialect - HHH000400: Using dialect: org.hibernate.dialect.PostgreSQLDialect
2023-abr.-17 15:18:32 p. m. [main] INFO  org.hibernate.engine.transaction.jta.platform.internal.JtaPlatformInitiator - HHH000490: Using JtaPlatform implementation: [org.hibernate.engine.transaction.jta.platform.internal.NoJtaPlatform]
2023-abr.-17 15:18:33 p. m. [main] ERROR com.ipgeolocation.IPGeolocationAPI - Error log prueba
2023-abr.-17 15:18:33 p. m. [main] DEBUG org.hibernate.SQL - select distance0_.id as id1_2_, distance0_.country as country3_2_, distance0_.to_buenos_aires as to_bueno2_2_ from distances distance0_
2023-abr.-17 15:18:33 p. m. [main] DEBUG org.hibernate.SQL - select country0_.code_iso as code_iso1_0_0_, country0_.currency as currency7_0_0_, country0_.languages as language2_0_0_, country0_.latitude as latitude3_0_0_, country0_.longitude as longitud4_0_0_, country0_.name as name5_0_0_, country0_.timezones as timezone6_0_0_, currency1_.code as code1_1_1_, currency1_.name as name2_1_1_ from countries country0_ left outer join currencies currency1_ on country0_.currency=currency1_.code where country0_.code_iso=?
2023-abr.-17 15:18:33 p. m. [main] DEBUG org.hibernate.SQL - select country0_.code_iso as code_iso1_0_0_, country0_.currency as currency7_0_0_, country0_.languages as language2_0_0_, country0_.latitude as latitude3_0_0_, country0_.longitude as longitud4_0_0_, country0_.name as name5_0_0_, country0_.timezones as timezone6_0_0_, currency1_.code as code1_1_1_, currency1_.name as name2_1_1_ from countries country0_ left outer join currencies currency1_ on country0_.currency=currency1_.code where country0_.code_iso=?
2023-abr.-17 15:52:17 p. m. [main] INFO  org.hibernate.jpa.internal.util.LogHelper - HHH000204: Processing PersistenceUnitInfo [name: default]
2023-abr.-17 15:52:17 p. m. [main] INFO  org.hibernate.Version - HHH000412: Hibernate ORM core version 5.6.12.Final
2023-abr.-17 15:52:17 p. m. [main] INFO  org.hibernate.annotations.common.Version - HCANN000001: Hibernate Commons Annotations {5.1.2.Final}
2023-abr.-17 15:52:17 p. m. [main] INFO  org.hibernate.dialect.Dialect - HHH000400: Using dialect: org.hibernate.dialect.PostgreSQLDialect
2023-abr.-17 15:52:18 p. m. [main] INFO  org.hibernate.engine.transaction.jta.platform.internal.JtaPlatformInitiator - HHH000490: Using JtaPlatform implementation: [org.hibernate.engine.transaction.jta.platform.internal.NoJtaPlatform]
2023-abr.-17 15:53:13 p. m. [main] INFO  org.hibernate.jpa.internal.util.LogHelper - HHH000204: Processing PersistenceUnitInfo [name: default]
2023-abr.-17 15:53:13 p. m. [main] INFO  org.hibernate.Version - HHH000412: Hibernate ORM core version 5.6.12.Final
2023-abr.-17 15:53:13 p. m. [main] INFO  org.hibernate.annotations.common.Version - HCANN000001: Hibernate Commons Annotations {5.1.2.Final}
2023-abr.-17 15:53:13 p. m. [main] INFO  org.hibernate.dialect.Dialect - HHH000400: Using dialect: org.hibernate.dialect.PostgreSQLDialect
2023-abr.-17 15:53:14 p. m. [main] INFO  org.hibernate.engine.transaction.jta.platform.internal.JtaPlatformInitiator - HHH000490: Using JtaPlatform implementation: [org.hibernate.engine.transaction.jta.platform.internal.NoJtaPlatform]
2023-abr.-17 15:53:36 p. m. [main] INFO  org.hibernate.jpa.internal.util.LogHelper - HHH000204: Processing PersistenceUnitInfo [name: default]
2023-abr.-17 15:53:36 p. m. [main] INFO  org.hibernate.Version - HHH000412: Hibernate ORM core version 5.6.12.Final
2023-abr.-17 15:53:36 p. m. [main] INFO  org.hibernate.annotations.common.Version - HCANN000001: Hibernate Commons Annotations {5.1.2.Final}
2023-abr.-17 15:53:36 p. m. [main] INFO  org.hibernate.dialect.Dialect - HHH000400: Using dialect: org.hibernate.dialect.PostgreSQLDialect
2023-abr.-17 15:53:37 p. m. [main] INFO  org.hibernate.engine.transaction.jta.platform.internal.JtaPlatformInitiator - HHH000490: Using JtaPlatform implementation: [org.hibernate.engine.transaction.jta.platform.internal.NoJtaPlatform]
2023-abr.-17 15:58:20 p. m. [main] INFO  org.hibernate.jpa.internal.util.LogHelper - HHH000204: Processing PersistenceUnitInfo [name: default]
2023-abr.-17 15:58:21 p. m. [main] INFO  org.hibernate.Version - HHH000412: Hibernate ORM core version 5.6.12.Final
2023-abr.-17 15:58:21 p. m. [main] INFO  org.hibernate.annotations.common.Version - HCANN000001: Hibernate Commons Annotations {5.1.2.Final}
2023-abr.-17 15:58:21 p. m. [main] INFO  org.hibernate.dialect.Dialect - HHH000400: Using dialect: org.hibernate.dialect.PostgreSQLDialect
2023-abr.-17 15:58:22 p. m. [main] INFO  org.hibernate.engine.transaction.jta.platform.internal.JtaPlatformInitiator - HHH000490: Using JtaPlatform implementation: [org.hibernate.engine.transaction.jta.platform.internal.NoJtaPlatform]
2023-abr.-17 15:58:42 p. m. [main] INFO  org.hibernate.jpa.internal.util.LogHelper - HHH000204: Processing PersistenceUnitInfo [name: default]
2023-abr.-17 15:58:42 p. m. [main] INFO  org.hibernate.Version - HHH000412: Hibernate ORM core version 5.6.12.Final
2023-abr.-17 15:58:42 p. m. [main] INFO  org.hibernate.annotations.common.Version - HCANN000001: Hibernate Commons Annotations {5.1.2.Final}
2023-abr.-17 15:58:42 p. m. [main] INFO  org.hibernate.dialect.Dialect - HHH000400: Using dialect: org.hibernate.dialect.PostgreSQLDialect
2023-abr.-17 15:58:43 p. m. [main] INFO  org.hibernate.engine.transaction.jta.platform.internal.JtaPlatformInitiator - HHH000490: Using JtaPlatform implementation: [org.hibernate.engine.transaction.jta.platform.internal.NoJtaPlatform]
2023-abr.-17 16:04:02 p. m. [main] INFO  org.hibernate.jpa.internal.util.LogHelper - HHH000204: Processing PersistenceUnitInfo [name: default]
2023-abr.-17 16:04:02 p. m. [main] INFO  org.hibernate.Version - HHH000412: Hibernate ORM core version 5.6.12.Final
2023-abr.-17 16:04:03 p. m. [main] INFO  org.hibernate.annotations.common.Version - HCANN000001: Hibernate Commons Annotations {5.1.2.Final}
2023-abr.-17 16:04:03 p. m. [main] INFO  org.hibernate.dialect.Dialect - HHH000400: Using dialect: org.hibernate.dialect.PostgreSQLDialect
2023-abr.-17 16:04:04 p. m. [main] INFO  org.hibernate.engine.transaction.jta.platform.internal.JtaPlatformInitiator - HHH000490: Using JtaPlatform implementation: [org.hibernate.engine.transaction.jta.platform.internal.NoJtaPlatform]
2023-abr.-17 16:04:29 p. m. [main] INFO  org.hibernate.jpa.internal.util.LogHelper - HHH000204: Processing PersistenceUnitInfo [name: default]
2023-abr.-17 16:04:29 p. m. [main] INFO  org.hibernate.Version - HHH000412: Hibernate ORM core version 5.6.12.Final
2023-abr.-17 16:04:29 p. m. [main] INFO  org.hibernate.annotations.common.Version - HCANN000001: Hibernate Commons Annotations {5.1.2.Final}
2023-abr.-17 16:04:29 p. m. [main] INFO  org.hibernate.dialect.Dialect - HHH000400: Using dialect: org.hibernate.dialect.PostgreSQLDialect
2023-abr.-17 16:04:30 p. m. [main] INFO  org.hibernate.engine.transaction.jta.platform.internal.JtaPlatformInitiator - HHH000490: Using JtaPlatform implementation: [org.hibernate.engine.transaction.jta.platform.internal.NoJtaPlatform]
2023-abr.-17 16:06:38 p. m. [main] INFO  org.hibernate.jpa.internal.util.LogHelper - HHH000204: Processing PersistenceUnitInfo [name: default]
2023-abr.-17 16:06:38 p. m. [main] INFO  org.hibernate.Version - HHH000412: Hibernate ORM core version 5.6.12.Final
2023-abr.-17 16:06:38 p. m. [main] INFO  org.hibernate.annotations.common.Version - HCANN000001: Hibernate Commons Annotations {5.1.2.Final}
2023-abr.-17 16:06:38 p. m. [main] INFO  org.hibernate.dialect.Dialect - HHH000400: Using dialect: org.hibernate.dialect.PostgreSQLDialect
2023-abr.-17 16:06:39 p. m. [main] INFO  org.hibernate.engine.transaction.jta.platform.internal.JtaPlatformInitiator - HHH000490: Using JtaPlatform implementation: [org.hibernate.engine.transaction.jta.platform.internal.NoJtaPlatform]
2023-abr.-17 16:07:34 p. m. [main] INFO  org.hibernate.jpa.internal.util.LogHelper - HHH000204: Processing PersistenceUnitInfo [name: default]
2023-abr.-17 16:07:34 p. m. [main] INFO  org.hibernate.Version - HHH000412: Hibernate ORM core version 5.6.12.Final
2023-abr.-17 16:07:35 p. m. [main] INFO  org.hibernate.annotations.common.Version - HCANN000001: Hibernate Commons Annotations {5.1.2.Final}
2023-abr.-17 16:07:35 p. m. [main] INFO  org.hibernate.dialect.Dialect - HHH000400: Using dialect: org.hibernate.dialect.PostgreSQLDialect
2023-abr.-17 16:07:35 p. m. [main] INFO  org.hibernate.engine.transaction.jta.platform.internal.JtaPlatformInitiator - HHH000490: Using JtaPlatform implementation: [org.hibernate.engine.transaction.jta.platform.internal.NoJtaPlatform]
2023-abr.-17 16:08:15 p. m. [main] INFO  org.hibernate.jpa.internal.util.LogHelper - HHH000204: Processing PersistenceUnitInfo [name: default]
2023-abr.-17 16:08:15 p. m. [main] INFO  org.hibernate.Version - HHH000412: Hibernate ORM core version 5.6.12.Final
2023-abr.-17 16:08:15 p. m. [main] INFO  org.hibernate.annotations.common.Version - HCANN000001: Hibernate Commons Annotations {5.1.2.Final}
2023-abr.-17 16:08:15 p. m. [main] INFO  org.hibernate.dialect.Dialect - HHH000400: Using dialect: org.hibernate.dialect.PostgreSQLDialect
2023-abr.-17 16:08:16 p. m. [main] INFO  org.hibernate.engine.transaction.jta.platform.internal.JtaPlatformInitiator - HHH000490: Using JtaPlatform implementation: [org.hibernate.engine.transaction.jta.platform.internal.NoJtaPlatform]
2023-abr.-17 16:15:24 p. m. [main] INFO  org.hibernate.jpa.internal.util.LogHelper - HHH000204: Processing PersistenceUnitInfo [name: default]
2023-abr.-17 16:15:24 p. m. [main] INFO  org.hibernate.Version - HHH000412: Hibernate ORM core version 5.6.12.Final
2023-abr.-17 16:15:25 p. m. [main] INFO  org.hibernate.annotations.common.Version - HCANN000001: Hibernate Commons Annotations {5.1.2.Final}
2023-abr.-17 16:15:25 p. m. [main] INFO  org.hibernate.dialect.Dialect - HHH000400: Using dialect: org.hibernate.dialect.PostgreSQLDialect
2023-abr.-17 16:15:25 p. m. [main] INFO  org.hibernate.engine.transaction.jta.platform.internal.JtaPlatformInitiator - HHH000490: Using JtaPlatform implementation: [org.hibernate.engine.transaction.jta.platform.internal.NoJtaPlatform]
2023-abr.-17 16:15:53 p. m. [main] INFO  org.hibernate.jpa.internal.util.LogHelper - HHH000204: Processing PersistenceUnitInfo [name: default]
2023-abr.-17 16:15:53 p. m. [main] INFO  org.hibernate.Version - HHH000412: Hibernate ORM core version 5.6.12.Final
2023-abr.-17 16:15:53 p. m. [main] INFO  org.hibernate.annotations.common.Version - HCANN000001: Hibernate Commons Annotations {5.1.2.Final}
2023-abr.-17 16:15:53 p. m. [main] INFO  org.hibernate.dialect.Dialect - HHH000400: Using dialect: org.hibernate.dialect.PostgreSQLDialect
2023-abr.-17 16:15:54 p. m. [main] INFO  org.hibernate.engine.transaction.jta.platform.internal.JtaPlatformInitiator - HHH000490: Using JtaPlatform implementation: [org.hibernate.engine.transaction.jta.platform.internal.NoJtaPlatform]
2023-abr.-17 16:15:54 p. m. [main] DEBUG org.hibernate.SQL - select geolocated0_.ip as ip1_3_0_, geolocated0_.country as country2_3_0_, country1_.code_iso as code_iso1_0_1_, country1_.currency as currency7_0_1_, country1_.languages as language2_0_1_, country1_.latitude as latitude3_0_1_, country1_.longitude as longitud4_0_1_, country1_.name as name5_0_1_, country1_.timezones as timezone6_0_1_, currency2_.code as code1_1_2_, currency2_.name as name2_1_2_ from geolocatedip geolocated0_ left outer join countries country1_ on geolocated0_.country=country1_.code_iso left outer join currencies currency2_ on country1_.currency=currency2_.code where geolocated0_.ip=?
2023-abr.-17 16:16:35 p. m. [main] INFO  org.hibernate.jpa.internal.util.LogHelper - HHH000204: Processing PersistenceUnitInfo [name: default]
2023-abr.-17 16:16:35 p. m. [main] INFO  org.hibernate.Version - HHH000412: Hibernate ORM core version 5.6.12.Final
2023-abr.-17 16:16:35 p. m. [main] INFO  org.hibernate.annotations.common.Version - HCANN000001: Hibernate Commons Annotations {5.1.2.Final}
2023-abr.-17 16:16:35 p. m. [main] INFO  org.hibernate.dialect.Dialect - HHH000400: Using dialect: org.hibernate.dialect.PostgreSQLDialect
2023-abr.-17 16:16:36 p. m. [main] INFO  org.hibernate.engine.transaction.jta.platform.internal.JtaPlatformInitiator - HHH000490: Using JtaPlatform implementation: [org.hibernate.engine.transaction.jta.platform.internal.NoJtaPlatform]
2023-abr.-17 16:16:37 p. m. [main] DEBUG org.hibernate.SQL - select geolocated0_.ip as ip1_3_0_, geolocated0_.country as country2_3_0_, country1_.code_iso as code_iso1_0_1_, country1_.currency as currency7_0_1_, country1_.languages as language2_0_1_, country1_.latitude as latitude3_0_1_, country1_.longitude as longitud4_0_1_, country1_.name as name5_0_1_, country1_.timezones as timezone6_0_1_, currency2_.code as code1_1_2_, currency2_.name as name2_1_2_ from geolocatedip geolocated0_ left outer join countries country1_ on geolocated0_.country=country1_.code_iso left outer join currencies currency2_ on country1_.currency=currency2_.code where geolocated0_.ip=?
2023-abr.-17 16:16:51 p. m. [main] INFO  org.hibernate.jpa.internal.util.LogHelper - HHH000204: Processing PersistenceUnitInfo [name: default]
2023-abr.-17 16:16:51 p. m. [main] INFO  org.hibernate.Version - HHH000412: Hibernate ORM core version 5.6.12.Final
2023-abr.-17 16:16:51 p. m. [main] INFO  org.hibernate.annotations.common.Version - HCANN000001: Hibernate Commons Annotations {5.1.2.Final}
2023-abr.-17 16:16:52 p. m. [main] INFO  org.hibernate.dialect.Dialect - HHH000400: Using dialect: org.hibernate.dialect.PostgreSQLDialect
2023-abr.-17 16:16:52 p. m. [main] INFO  org.hibernate.engine.transaction.jta.platform.internal.JtaPlatformInitiator - HHH000490: Using JtaPlatform implementation: [org.hibernate.engine.transaction.jta.platform.internal.NoJtaPlatform]
2023-abr.-17 16:16:53 p. m. [main] DEBUG org.hibernate.SQL - select geolocated0_.ip as ip1_3_0_, geolocated0_.country as country2_3_0_, country1_.code_iso as code_iso1_0_1_, country1_.currency as currency7_0_1_, country1_.languages as language2_0_1_, country1_.latitude as latitude3_0_1_, country1_.longitude as longitud4_0_1_, country1_.name as name5_0_1_, country1_.timezones as timezone6_0_1_, currency2_.code as code1_1_2_, currency2_.name as name2_1_2_ from geolocatedip geolocated0_ left outer join countries country1_ on geolocated0_.country=country1_.code_iso left outer join currencies currency2_ on country1_.currency=currency2_.code where geolocated0_.ip=?
2023-abr.-17 16:16:54 p. m. [main] DEBUG org.hibernate.SQL - select country0_.code_iso as code_iso1_0_0_, country0_.currency as currency7_0_0_, country0_.languages as language2_0_0_, country0_.latitude as latitude3_0_0_, country0_.longitude as longitud4_0_0_, country0_.name as name5_0_0_, country0_.timezones as timezone6_0_0_, currency1_.code as code1_1_1_, currency1_.name as name2_1_1_ from countries country0_ left outer join currencies currency1_ on country0_.currency=currency1_.code where country0_.code_iso=?
2023-abr.-17 16:16:54 p. m. [main] DEBUG org.hibernate.SQL - select geolocated0_.ip as ip1_3_2_, geolocated0_.country as country2_3_2_, country1_.code_iso as code_iso1_0_0_, country1_.currency as currency7_0_0_, country1_.languages as language2_0_0_, country1_.latitude as latitude3_0_0_, country1_.longitude as longitud4_0_0_, country1_.name as name5_0_0_, country1_.timezones as timezone6_0_0_, currency2_.code as code1_1_1_, currency2_.name as name2_1_1_ from geolocatedip geolocated0_ left outer join countries country1_ on geolocated0_.country=country1_.code_iso left outer join currencies currency2_ on country1_.currency=currency2_.code where geolocated0_.ip=?
2023-abr.-17 16:16:54 p. m. [main] DEBUG org.hibernate.SQL - select country0_.code_iso as code_iso1_0_1_, country0_.currency as currency7_0_1_, country0_.languages as language2_0_1_, country0_.latitude as latitude3_0_1_, country0_.longitude as longitud4_0_1_, country0_.name as name5_0_1_, country0_.timezones as timezone6_0_1_, currency1_.code as code1_1_0_, currency1_.name as name2_1_0_ from countries country0_ left outer join currencies currency1_ on country0_.currency=currency1_.code where country0_.code_iso=?
2023-abr.-17 16:16:54 p. m. [main] DEBUG org.hibernate.SQL - insert into geolocatedip (country, ip) values (?, ?)
2023-abr.-17 16:16:54 p. m. [main] DEBUG org.hibernate.SQL - select country_.code_iso, country_.currency as currency7_0_, country_.languages as language2_0_, country_.latitude as latitude3_0_, country_.longitude as longitud4_0_, country_.name as name5_0_, country_.timezones as timezone6_0_ from countries country_ where country_.code_iso=?
2023-abr.-17 16:16:54 p. m. [main] DEBUG org.hibernate.SQL - insert into distances (country, to_buenos_aires) values (?, ?)
2023-abr.-17 16:18:29 p. m. [main] INFO  org.hibernate.jpa.internal.util.LogHelper - HHH000204: Processing PersistenceUnitInfo [name: default]
2023-abr.-17 16:18:29 p. m. [main] INFO  org.hibernate.Version - HHH000412: Hibernate ORM core version 5.6.12.Final
2023-abr.-17 16:18:29 p. m. [main] INFO  org.hibernate.annotations.common.Version - HCANN000001: Hibernate Commons Annotations {5.1.2.Final}
2023-abr.-17 16:18:30 p. m. [main] INFO  org.hibernate.dialect.Dialect - HHH000400: Using dialect: org.hibernate.dialect.PostgreSQLDialect
2023-abr.-17 16:18:30 p. m. [main] INFO  org.hibernate.engine.transaction.jta.platform.internal.JtaPlatformInitiator - HHH000490: Using JtaPlatform implementation: [org.hibernate.engine.transaction.jta.platform.internal.NoJtaPlatform]
2023-abr.-17 16:18:31 p. m. [main] DEBUG org.hibernate.SQL - select geolocated0_.ip as ip1_3_0_, geolocated0_.country as country2_3_0_, country1_.code_iso as code_iso1_0_1_, country1_.currency as currency7_0_1_, country1_.languages as language2_0_1_, country1_.latitude as latitude3_0_1_, country1_.longitude as longitud4_0_1_, country1_.name as name5_0_1_, country1_.timezones as timezone6_0_1_, currency2_.code as code1_1_2_, currency2_.name as name2_1_2_ from geolocatedip geolocated0_ left outer join countries country1_ on geolocated0_.country=country1_.code_iso left outer join currencies currency2_ on country1_.currency=currency2_.code where geolocated0_.ip=?
2023-abr.-17 16:18:32 p. m. [main] DEBUG org.hibernate.SQL - select country0_.code_iso as code_iso1_0_0_, country0_.currency as currency7_0_0_, country0_.languages as language2_0_0_, country0_.latitude as latitude3_0_0_, country0_.longitude as longitud4_0_0_, country0_.name as name5_0_0_, country0_.timezones as timezone6_0_0_, currency1_.code as code1_1_1_, currency1_.name as name2_1_1_ from countries country0_ left outer join currencies currency1_ on country0_.currency=currency1_.code where country0_.code_iso=?
2023-abr.-17 16:18:32 p. m. [main] DEBUG org.hibernate.SQL - select geolocated0_.ip as ip1_3_2_, geolocated0_.country as country2_3_2_, country1_.code_iso as code_iso1_0_0_, country1_.currency as currency7_0_0_, country1_.languages as language2_0_0_, country1_.latitude as latitude3_0_0_, country1_.longitude as longitud4_0_0_, country1_.name as name5_0_0_, country1_.timezones as timezone6_0_0_, currency2_.code as code1_1_1_, currency2_.name as name2_1_1_ from geolocatedip geolocated0_ left outer join countries country1_ on geolocated0_.country=country1_.code_iso left outer join currencies currency2_ on country1_.currency=currency2_.code where geolocated0_.ip=?
2023-abr.-17 16:18:32 p. m. [main] DEBUG org.hibernate.SQL - select country0_.code_iso as code_iso1_0_1_, country0_.currency as currency7_0_1_, country0_.languages as language2_0_1_, country0_.latitude as latitude3_0_1_, country0_.longitude as longitud4_0_1_, country0_.name as name5_0_1_, country0_.timezones as timezone6_0_1_, currency1_.code as code1_1_0_, currency1_.name as name2_1_0_ from countries country0_ left outer join currencies currency1_ on country0_.currency=currency1_.code where country0_.code_iso=?
2023-abr.-17 16:18:32 p. m. [main] DEBUG org.hibernate.SQL - insert into geolocatedip (country, ip) values (?, ?)
2023-abr.-17 16:18:32 p. m. [main] DEBUG org.hibernate.SQL - select country_.code_iso, country_.currency as currency7_0_, country_.languages as language2_0_, country_.latitude as latitude3_0_, country_.longitude as longitud4_0_, country_.name as name5_0_, country_.timezones as timezone6_0_ from countries country_ where country_.code_iso=?
2023-abr.-17 16:18:32 p. m. [main] DEBUG org.hibernate.SQL - insert into distances (country, to_buenos_aires) values (?, ?)
2023-abr.-17 16:21:01 p. m. [main] INFO  org.hibernate.jpa.internal.util.LogHelper - HHH000204: Processing PersistenceUnitInfo [name: default]
2023-abr.-17 16:21:01 p. m. [main] INFO  org.hibernate.Version - HHH000412: Hibernate ORM core version 5.6.12.Final
2023-abr.-17 16:21:01 p. m. [main] INFO  org.hibernate.annotations.common.Version - HCANN000001: Hibernate Commons Annotations {5.1.2.Final}
2023-abr.-17 16:21:02 p. m. [main] INFO  org.hibernate.dialect.Dialect - HHH000400: Using dialect: org.hibernate.dialect.PostgreSQLDialect
2023-abr.-17 16:21:02 p. m. [main] INFO  org.hibernate.engine.transaction.jta.platform.internal.JtaPlatformInitiator - HHH000490: Using JtaPlatform implementation: [org.hibernate.engine.transaction.jta.platform.internal.NoJtaPlatform]
2023-abr.-17 16:21:03 p. m. [main] DEBUG org.hibernate.SQL - select geolocated0_.ip as ip1_3_0_, geolocated0_.country as country2_3_0_, country1_.code_iso as code_iso1_0_1_, country1_.currency as currency7_0_1_, country1_.languages as language2_0_1_, country1_.latitude as latitude3_0_1_, country1_.longitude as longitud4_0_1_, country1_.name as name5_0_1_, country1_.timezones as timezone6_0_1_, currency2_.code as code1_1_2_, currency2_.name as name2_1_2_ from geolocatedip geolocated0_ left outer join countries country1_ on geolocated0_.country=country1_.code_iso left outer join currencies currency2_ on country1_.currency=currency2_.code where geolocated0_.ip=?
2023-abr.-17 16:22:42 p. m. [main] INFO  org.hibernate.jpa.internal.util.LogHelper - HHH000204: Processing PersistenceUnitInfo [name: default]
2023-abr.-17 16:22:42 p. m. [main] INFO  org.hibernate.Version - HHH000412: Hibernate ORM core version 5.6.12.Final
2023-abr.-17 16:22:42 p. m. [main] INFO  org.hibernate.annotations.common.Version - HCANN000001: Hibernate Commons Annotations {5.1.2.Final}
2023-abr.-17 16:22:42 p. m. [main] INFO  org.hibernate.dialect.Dialect - HHH000400: Using dialect: org.hibernate.dialect.PostgreSQLDialect
2023-abr.-17 16:22:43 p. m. [main] INFO  org.hibernate.engine.transaction.jta.platform.internal.JtaPlatformInitiator - HHH000490: Using JtaPlatform implementation: [org.hibernate.engine.transaction.jta.platform.internal.NoJtaPlatform]
2023-abr.-17 16:22:44 p. m. [main] DEBUG org.hibernate.SQL - select geolocated0_.ip as ip1_3_0_, geolocated0_.country as country2_3_0_, country1_.code_iso as code_iso1_0_1_, country1_.currency as currency7_0_1_, country1_.languages as language2_0_1_, country1_.latitude as latitude3_0_1_, country1_.longitude as longitud4_0_1_, country1_.name as name5_0_1_, country1_.timezones as timezone6_0_1_, currency2_.code as code1_1_2_, currency2_.name as name2_1_2_ from geolocatedip geolocated0_ left outer join countries country1_ on geolocated0_.country=country1_.code_iso left outer join currencies currency2_ on country1_.currency=currency2_.code where geolocated0_.ip=?
2023-abr.-17 16:25:42 p. m. [main] INFO  org.hibernate.jpa.internal.util.LogHelper - HHH000204: Processing PersistenceUnitInfo [name: default]
2023-abr.-17 16:25:42 p. m. [main] INFO  org.hibernate.Version - HHH000412: Hibernate ORM core version 5.6.12.Final
2023-abr.-17 16:25:42 p. m. [main] INFO  org.hibernate.annotations.common.Version - HCANN000001: Hibernate Commons Annotations {5.1.2.Final}
2023-abr.-17 16:25:43 p. m. [main] INFO  org.hibernate.dialect.Dialect - HHH000400: Using dialect: org.hibernate.dialect.PostgreSQLDialect
2023-abr.-17 16:25:43 p. m. [main] INFO  org.hibernate.engine.transaction.jta.platform.internal.JtaPlatformInitiator - HHH000490: Using JtaPlatform implementation: [org.hibernate.engine.transaction.jta.platform.internal.NoJtaPlatform]
2023-abr.-17 16:25:44 p. m. [main] DEBUG org.hibernate.SQL - select geolocated0_.ip as ip1_3_0_, geolocated0_.country as country2_3_0_, country1_.code_iso as code_iso1_0_1_, country1_.currency as currency7_0_1_, country1_.languages as language2_0_1_, country1_.latitude as latitude3_0_1_, country1_.longitude as longitud4_0_1_, country1_.name as name5_0_1_, country1_.timezones as timezone6_0_1_, currency2_.code as code1_1_2_, currency2_.name as name2_1_2_ from geolocatedip geolocated0_ left outer join countries country1_ on geolocated0_.country=country1_.code_iso left outer join currencies currency2_ on country1_.currency=currency2_.code where geolocated0_.ip=?
2023-abr.-17 16:26:11 p. m. [main] INFO  org.hibernate.jpa.internal.util.LogHelper - HHH000204: Processing PersistenceUnitInfo [name: default]
2023-abr.-17 16:26:11 p. m. [main] INFO  org.hibernate.Version - HHH000412: Hibernate ORM core version 5.6.12.Final
2023-abr.-17 16:26:12 p. m. [main] INFO  org.hibernate.annotations.common.Version - HCANN000001: Hibernate Commons Annotations {5.1.2.Final}
2023-abr.-17 16:26:12 p. m. [main] INFO  org.hibernate.dialect.Dialect - HHH000400: Using dialect: org.hibernate.dialect.PostgreSQLDialect
2023-abr.-17 16:26:13 p. m. [main] INFO  org.hibernate.engine.transaction.jta.platform.internal.JtaPlatformInitiator - HHH000490: Using JtaPlatform implementation: [org.hibernate.engine.transaction.jta.platform.internal.NoJtaPlatform]
2023-abr.-17 16:26:13 p. m. [main] DEBUG org.hibernate.SQL - select geolocated0_.ip as ip1_3_0_, geolocated0_.country as country2_3_0_, country1_.code_iso as code_iso1_0_1_, country1_.currency as currency7_0_1_, country1_.languages as language2_0_1_, country1_.latitude as latitude3_0_1_, country1_.longitude as longitud4_0_1_, country1_.name as name5_0_1_, country1_.timezones as timezone6_0_1_, currency2_.code as code1_1_2_, currency2_.name as name2_1_2_ from geolocatedip geolocated0_ left outer join countries country1_ on geolocated0_.country=country1_.code_iso left outer join currencies currency2_ on country1_.currency=currency2_.code where geolocated0_.ip=?
2023-abr.-17 16:27:11 p. m. [main] INFO  org.hibernate.jpa.internal.util.LogHelper - HHH000204: Processing PersistenceUnitInfo [name: default]
2023-abr.-17 16:27:11 p. m. [main] INFO  org.hibernate.Version - HHH000412: Hibernate ORM core version 5.6.12.Final
2023-abr.-17 16:27:11 p. m. [main] INFO  org.hibernate.annotations.common.Version - HCANN000001: Hibernate Commons Annotations {5.1.2.Final}
2023-abr.-17 16:27:12 p. m. [main] INFO  org.hibernate.dialect.Dialect - HHH000400: Using dialect: org.hibernate.dialect.PostgreSQLDialect
2023-abr.-17 16:27:12 p. m. [main] INFO  org.hibernate.engine.transaction.jta.platform.internal.JtaPlatformInitiator - HHH000490: Using JtaPlatform implementation: [org.hibernate.engine.transaction.jta.platform.internal.NoJtaPlatform]
2023-abr.-17 16:27:13 p. m. [main] DEBUG org.hibernate.SQL - select geolocated0_.ip as ip1_3_0_, geolocated0_.country as country2_3_0_, country1_.code_iso as code_iso1_0_1_, country1_.currency as currency7_0_1_, country1_.languages as language2_0_1_, country1_.latitude as latitude3_0_1_, country1_.longitude as longitud4_0_1_, country1_.name as name5_0_1_, country1_.timezones as timezone6_0_1_, currency2_.code as code1_1_2_, currency2_.name as name2_1_2_ from geolocatedip geolocated0_ left outer join countries country1_ on geolocated0_.country=country1_.code_iso left outer join currencies currency2_ on country1_.currency=currency2_.code where geolocated0_.ip=?
2023-abr.-17 16:33:46 p. m. [main] INFO  org.hibernate.jpa.internal.util.LogHelper - HHH000204: Processing PersistenceUnitInfo [name: default]
2023-abr.-17 16:33:46 p. m. [main] INFO  org.hibernate.Version - HHH000412: Hibernate ORM core version 5.6.12.Final
2023-abr.-17 16:33:47 p. m. [main] INFO  org.hibernate.annotations.common.Version - HCANN000001: Hibernate Commons Annotations {5.1.2.Final}
2023-abr.-17 16:33:47 p. m. [main] INFO  org.hibernate.dialect.Dialect - HHH000400: Using dialect: org.hibernate.dialect.PostgreSQLDialect
2023-abr.-17 16:33:47 p. m. [main] INFO  org.hibernate.engine.transaction.jta.platform.internal.JtaPlatformInitiator - HHH000490: Using JtaPlatform implementation: [org.hibernate.engine.transaction.jta.platform.internal.NoJtaPlatform]
2023-abr.-17 16:33:48 p. m. [main] DEBUG org.hibernate.SQL - select geolocated0_.ip as ip1_3_0_, geolocated0_.country as country2_3_0_, country1_.code_iso as code_iso1_0_1_, country1_.currency as currency7_0_1_, country1_.languages as language2_0_1_, country1_.latitude as latitude3_0_1_, country1_.longitude as longitud4_0_1_, country1_.name as name5_0_1_, country1_.timezones as timezone6_0_1_, currency2_.code as code1_1_2_, currency2_.name as name2_1_2_ from geolocatedip geolocated0_ left outer join countries country1_ on geolocated0_.country=country1_.code_iso left outer join currencies currency2_ on country1_.currency=currency2_.code where geolocated0_.ip=?
2023-abr.-17 16:33:49 p. m. [main] DEBUG org.hibernate.SQL - select country0_.code_iso as code_iso1_0_0_, country0_.currency as currency7_0_0_, country0_.languages as language2_0_0_, country0_.latitude as latitude3_0_0_, country0_.longitude as longitud4_0_0_, country0_.name as name5_0_0_, country0_.timezones as timezone6_0_0_, currency1_.code as code1_1_1_, currency1_.name as name2_1_1_ from countries country0_ left outer join currencies currency1_ on country0_.currency=currency1_.code where country0_.code_iso=?
2023-abr.-17 16:33:49 p. m. [main] DEBUG org.hibernate.SQL - select geolocated0_.ip as ip1_3_2_, geolocated0_.country as country2_3_2_, country1_.code_iso as code_iso1_0_0_, country1_.currency as currency7_0_0_, country1_.languages as language2_0_0_, country1_.latitude as latitude3_0_0_, country1_.longitude as longitud4_0_0_, country1_.name as name5_0_0_, country1_.timezones as timezone6_0_0_, currency2_.code as code1_1_1_, currency2_.name as name2_1_1_ from geolocatedip geolocated0_ left outer join countries country1_ on geolocated0_.country=country1_.code_iso left outer join currencies currency2_ on country1_.currency=currency2_.code where geolocated0_.ip=?
2023-abr.-17 16:33:49 p. m. [main] DEBUG org.hibernate.SQL - select country0_.code_iso as code_iso1_0_1_, country0_.currency as currency7_0_1_, country0_.languages as language2_0_1_, country0_.latitude as latitude3_0_1_, country0_.longitude as longitud4_0_1_, country0_.name as name5_0_1_, country0_.timezones as timezone6_0_1_, currency1_.code as code1_1_0_, currency1_.name as name2_1_0_ from countries country0_ left outer join currencies currency1_ on country0_.currency=currency1_.code where country0_.code_iso=?
2023-abr.-17 16:33:49 p. m. [main] DEBUG org.hibernate.SQL - insert into geolocatedip (country, ip) values (?, ?)
2023-abr.-17 16:33:49 p. m. [main] DEBUG org.hibernate.SQL - select country_.code_iso, country_.currency as currency7_0_, country_.languages as language2_0_, country_.latitude as latitude3_0_, country_.longitude as longitud4_0_, country_.name as name5_0_, country_.timezones as timezone6_0_ from countries country_ where country_.code_iso=?
2023-abr.-17 16:33:49 p. m. [main] DEBUG org.hibernate.SQL - insert into distances (country, to_buenos_aires) values (?, ?)
2023-abr.-17 16:34:23 p. m. [main] INFO  org.hibernate.jpa.internal.util.LogHelper - HHH000204: Processing PersistenceUnitInfo [name: default]
2023-abr.-17 16:34:23 p. m. [main] INFO  org.hibernate.Version - HHH000412: Hibernate ORM core version 5.6.12.Final
2023-abr.-17 16:34:23 p. m. [main] INFO  org.hibernate.annotations.common.Version - HCANN000001: Hibernate Commons Annotations {5.1.2.Final}
2023-abr.-17 16:34:23 p. m. [main] INFO  org.hibernate.dialect.Dialect - HHH000400: Using dialect: org.hibernate.dialect.PostgreSQLDialect
2023-abr.-17 16:34:24 p. m. [main] INFO  org.hibernate.engine.transaction.jta.platform.internal.JtaPlatformInitiator - HHH000490: Using JtaPlatform implementation: [org.hibernate.engine.transaction.jta.platform.internal.NoJtaPlatform]
2023-abr.-17 16:34:25 p. m. [main] DEBUG org.hibernate.SQL - select geolocated0_.ip as ip1_3_0_, geolocated0_.country as country2_3_0_, country1_.code_iso as code_iso1_0_1_, country1_.currency as currency7_0_1_, country1_.languages as language2_0_1_, country1_.latitude as latitude3_0_1_, country1_.longitude as longitud4_0_1_, country1_.name as name5_0_1_, country1_.timezones as timezone6_0_1_, currency2_.code as code1_1_2_, currency2_.name as name2_1_2_ from geolocatedip geolocated0_ left outer join countries country1_ on geolocated0_.country=country1_.code_iso left outer join currencies currency2_ on country1_.currency=currency2_.code where geolocated0_.ip=?
2023-abr.-17 16:35:30 p. m. [main] INFO  org.hibernate.jpa.internal.util.LogHelper - HHH000204: Processing PersistenceUnitInfo [name: default]
2023-abr.-17 16:35:30 p. m. [main] INFO  org.hibernate.Version - HHH000412: Hibernate ORM core version 5.6.12.Final
2023-abr.-17 16:35:30 p. m. [main] INFO  org.hibernate.annotations.common.Version - HCANN000001: Hibernate Commons Annotations {5.1.2.Final}
2023-abr.-17 16:35:30 p. m. [main] INFO  org.hibernate.dialect.Dialect - HHH000400: Using dialect: org.hibernate.dialect.PostgreSQLDialect
2023-abr.-17 16:35:31 p. m. [main] INFO  org.hibernate.engine.transaction.jta.platform.internal.JtaPlatformInitiator - HHH000490: Using JtaPlatform implementation: [org.hibernate.engine.transaction.jta.platform.internal.NoJtaPlatform]
2023-abr.-17 16:35:32 p. m. [main] DEBUG org.hibernate.SQL - select geolocated0_.ip as ip1_3_0_, geolocated0_.country as country2_3_0_, country1_.code_iso as code_iso1_0_1_, country1_.currency as currency7_0_1_, country1_.languages as language2_0_1_, country1_.latitude as latitude3_0_1_, country1_.longitude as longitud4_0_1_, country1_.name as name5_0_1_, country1_.timezones as timezone6_0_1_, currency2_.code as code1_1_2_, currency2_.name as name2_1_2_ from geolocatedip geolocated0_ left outer join countries country1_ on geolocated0_.country=country1_.code_iso left outer join currencies currency2_ on country1_.currency=currency2_.code where geolocated0_.ip=?
2023-abr.-17 16:39:38 p. m. [main] INFO  org.hibernate.jpa.internal.util.LogHelper - HHH000204: Processing PersistenceUnitInfo [name: default]
2023-abr.-17 16:39:39 p. m. [main] INFO  org.hibernate.Version - HHH000412: Hibernate ORM core version 5.6.12.Final
2023-abr.-17 16:39:39 p. m. [main] INFO  org.hibernate.annotations.common.Version - HCANN000001: Hibernate Commons Annotations {5.1.2.Final}
2023-abr.-17 16:39:39 p. m. [main] INFO  org.hibernate.dialect.Dialect - HHH000400: Using dialect: org.hibernate.dialect.PostgreSQLDialect
2023-abr.-17 16:39:40 p. m. [main] INFO  org.hibernate.engine.transaction.jta.platform.internal.JtaPlatformInitiator - HHH000490: Using JtaPlatform implementation: [org.hibernate.engine.transaction.jta.platform.internal.NoJtaPlatform]
2023-abr.-17 16:39:41 p. m. [main] DEBUG org.hibernate.SQL - select geolocated0_.ip as ip1_3_0_, geolocated0_.country as country2_3_0_, country1_.code_iso as code_iso1_0_1_, country1_.currency as currency7_0_1_, country1_.languages as language2_0_1_, country1_.latitude as latitude3_0_1_, country1_.longitude as longitud4_0_1_, country1_.name as name5_0_1_, country1_.timezones as timezone6_0_1_, currency2_.code as code1_1_2_, currency2_.name as name2_1_2_ from geolocatedip geolocated0_ left outer join countries country1_ on geolocated0_.country=country1_.code_iso left outer join currencies currency2_ on country1_.currency=currency2_.code where geolocated0_.ip=?
2023-abr.-17 16:44:29 p. m. [main] INFO  org.hibernate.jpa.internal.util.LogHelper - HHH000204: Processing PersistenceUnitInfo [name: default]
2023-abr.-17 16:44:29 p. m. [main] INFO  org.hibernate.Version - HHH000412: Hibernate ORM core version 5.6.12.Final
2023-abr.-17 16:44:30 p. m. [main] INFO  org.hibernate.annotations.common.Version - HCANN000001: Hibernate Commons Annotations {5.1.2.Final}
2023-abr.-17 16:44:30 p. m. [main] INFO  org.hibernate.dialect.Dialect - HHH000400: Using dialect: org.hibernate.dialect.PostgreSQLDialect
2023-abr.-17 16:44:30 p. m. [main] INFO  org.hibernate.engine.transaction.jta.platform.internal.JtaPlatformInitiator - HHH000490: Using JtaPlatform implementation: [org.hibernate.engine.transaction.jta.platform.internal.NoJtaPlatform]
2023-abr.-17 16:44:32 p. m. [main] DEBUG org.hibernate.SQL - select geolocated0_.ip as ip1_3_0_, geolocated0_.country as country2_3_0_, country1_.code_iso as code_iso1_0_1_, country1_.currency as currency7_0_1_, country1_.languages as language2_0_1_, country1_.latitude as latitude3_0_1_, country1_.longitude as longitud4_0_1_, country1_.name as name5_0_1_, country1_.timezones as timezone6_0_1_, currency2_.code as code1_1_2_, currency2_.name as name2_1_2_ from geolocatedip geolocated0_ left outer join countries country1_ on geolocated0_.country=country1_.code_iso left outer join currencies currency2_ on country1_.currency=currency2_.code where geolocated0_.ip=?
2023-abr.-17 16:44:52 p. m. [main] INFO  org.hibernate.jpa.internal.util.LogHelper - HHH000204: Processing PersistenceUnitInfo [name: default]
2023-abr.-17 16:44:52 p. m. [main] INFO  org.hibernate.Version - HHH000412: Hibernate ORM core version 5.6.12.Final
2023-abr.-17 16:44:52 p. m. [main] INFO  org.hibernate.annotations.common.Version - HCANN000001: Hibernate Commons Annotations {5.1.2.Final}
2023-abr.-17 16:44:52 p. m. [main] INFO  org.hibernate.dialect.Dialect - HHH000400: Using dialect: org.hibernate.dialect.PostgreSQLDialect
2023-abr.-17 16:44:53 p. m. [main] INFO  org.hibernate.engine.transaction.jta.platform.internal.JtaPlatformInitiator - HHH000490: Using JtaPlatform implementation: [org.hibernate.engine.transaction.jta.platform.internal.NoJtaPlatform]
2023-abr.-17 16:44:53 p. m. [main] DEBUG org.hibernate.SQL - select geolocated0_.ip as ip1_3_0_, geolocated0_.country as country2_3_0_, country1_.code_iso as code_iso1_0_1_, country1_.currency as currency7_0_1_, country1_.languages as language2_0_1_, country1_.latitude as latitude3_0_1_, country1_.longitude as longitud4_0_1_, country1_.name as name5_0_1_, country1_.timezones as timezone6_0_1_, currency2_.code as code1_1_2_, currency2_.name as name2_1_2_ from geolocatedip geolocated0_ left outer join countries country1_ on geolocated0_.country=country1_.code_iso left outer join currencies currency2_ on country1_.currency=currency2_.code where geolocated0_.ip=?
2023-abr.-17 16:45:07 p. m. [main] INFO  org.hibernate.jpa.internal.util.LogHelper - HHH000204: Processing PersistenceUnitInfo [name: default]
2023-abr.-17 16:45:07 p. m. [main] INFO  org.hibernate.Version - HHH000412: Hibernate ORM core version 5.6.12.Final
2023-abr.-17 16:45:07 p. m. [main] INFO  org.hibernate.annotations.common.Version - HCANN000001: Hibernate Commons Annotations {5.1.2.Final}
2023-abr.-17 16:45:07 p. m. [main] INFO  org.hibernate.dialect.Dialect - HHH000400: Using dialect: org.hibernate.dialect.PostgreSQLDialect
2023-abr.-17 16:45:08 p. m. [main] INFO  org.hibernate.engine.transaction.jta.platform.internal.JtaPlatformInitiator - HHH000490: Using JtaPlatform implementation: [org.hibernate.engine.transaction.jta.platform.internal.NoJtaPlatform]
2023-abr.-17 16:45:08 p. m. [main] DEBUG org.hibernate.SQL - select geolocated0_.ip as ip1_3_0_, geolocated0_.country as country2_3_0_, country1_.code_iso as code_iso1_0_1_, country1_.currency as currency7_0_1_, country1_.languages as language2_0_1_, country1_.latitude as latitude3_0_1_, country1_.longitude as longitud4_0_1_, country1_.name as name5_0_1_, country1_.timezones as timezone6_0_1_, currency2_.code as code1_1_2_, currency2_.name as name2_1_2_ from geolocatedip geolocated0_ left outer join countries country1_ on geolocated0_.country=country1_.code_iso left outer join currencies currency2_ on country1_.currency=currency2_.code where geolocated0_.ip=?
2023-abr.-17 16:45:45 p. m. [main] INFO  org.hibernate.jpa.internal.util.LogHelper - HHH000204: Processing PersistenceUnitInfo [name: default]
2023-abr.-17 16:45:45 p. m. [main] INFO  org.hibernate.Version - HHH000412: Hibernate ORM core version 5.6.12.Final
2023-abr.-17 16:45:45 p. m. [main] INFO  org.hibernate.annotations.common.Version - HCANN000001: Hibernate Commons Annotations {5.1.2.Final}
2023-abr.-17 16:45:46 p. m. [main] INFO  org.hibernate.dialect.Dialect - HHH000400: Using dialect: org.hibernate.dialect.PostgreSQLDialect
2023-abr.-17 16:45:46 p. m. [main] INFO  org.hibernate.engine.transaction.jta.platform.internal.JtaPlatformInitiator - HHH000490: Using JtaPlatform implementation: [org.hibernate.engine.transaction.jta.platform.internal.NoJtaPlatform]
2023-abr.-17 16:45:47 p. m. [main] DEBUG org.hibernate.SQL - select geolocated0_.ip as ip1_3_0_, geolocated0_.country as country2_3_0_, country1_.code_iso as code_iso1_0_1_, country1_.currency as currency7_0_1_, country1_.languages as language2_0_1_, country1_.latitude as latitude3_0_1_, country1_.longitude as longitud4_0_1_, country1_.name as name5_0_1_, country1_.timezones as timezone6_0_1_, currency2_.code as code1_1_2_, currency2_.name as name2_1_2_ from geolocatedip geolocated0_ left outer join countries country1_ on geolocated0_.country=country1_.code_iso left outer join currencies currency2_ on country1_.currency=currency2_.code where geolocated0_.ip=?
2023-abr.-17 16:46:48 p. m. [main] INFO  org.hibernate.jpa.internal.util.LogHelper - HHH000204: Processing PersistenceUnitInfo [name: default]
2023-abr.-17 16:46:48 p. m. [main] INFO  org.hibernate.Version - HHH000412: Hibernate ORM core version 5.6.12.Final
2023-abr.-17 16:46:48 p. m. [main] INFO  org.hibernate.annotations.common.Version - HCANN000001: Hibernate Commons Annotations {5.1.2.Final}
2023-abr.-17 16:46:49 p. m. [main] INFO  org.hibernate.dialect.Dialect - HHH000400: Using dialect: org.hibernate.dialect.PostgreSQLDialect
2023-abr.-17 16:46:49 p. m. [main] INFO  org.hibernate.engine.transaction.jta.platform.internal.JtaPlatformInitiator - HHH000490: Using JtaPlatform implementation: [org.hibernate.engine.transaction.jta.platform.internal.NoJtaPlatform]
2023-abr.-17 16:46:50 p. m. [main] DEBUG org.hibernate.SQL - select geolocated0_.ip as ip1_3_0_, geolocated0_.country as country2_3_0_, country1_.code_iso as code_iso1_0_1_, country1_.currency as currency7_0_1_, country1_.languages as language2_0_1_, country1_.latitude as latitude3_0_1_, country1_.longitude as longitud4_0_1_, country1_.name as name5_0_1_, country1_.timezones as timezone6_0_1_, currency2_.code as code1_1_2_, currency2_.name as name2_1_2_ from geolocatedip geolocated0_ left outer join countries country1_ on geolocated0_.country=country1_.code_iso left outer join currencies currency2_ on country1_.currency=currency2_.code where geolocated0_.ip=?
2023-abr.-17 17:32:30 p. m. [main] INFO  org.hibernate.jpa.internal.util.LogHelper - HHH000204: Processing PersistenceUnitInfo [name: default]
2023-abr.-17 17:32:30 p. m. [main] INFO  org.hibernate.Version - HHH000412: Hibernate ORM core version 5.6.12.Final
2023-abr.-17 17:32:31 p. m. [main] INFO  org.hibernate.annotations.common.Version - HCANN000001: Hibernate Commons Annotations {5.1.2.Final}
2023-abr.-17 17:32:31 p. m. [main] INFO  org.hibernate.dialect.Dialect - HHH000400: Using dialect: org.hibernate.dialect.PostgreSQLDialect
2023-abr.-17 17:32:31 p. m. [main] INFO  org.hibernate.engine.transaction.jta.platform.internal.JtaPlatformInitiator - HHH000490: Using JtaPlatform implementation: [org.hibernate.engine.transaction.jta.platform.internal.NoJtaPlatform]
2023-abr.-17 17:32:32 p. m. [main] DEBUG org.hibernate.SQL - select country1_.name as col_0_0_, distance2_.to_buenos_aires as col_1_0_, count(*) as col_2_0_ from geolocatedip geolocated0_ inner join countries country1_ on (country1_.code_iso=geolocated0_.country) inner join distances distance2_ on (geolocated0_.country=distance2_.country) group by country1_.name , distance2_.to_buenos_aires
2023-abr.-17 23:35:22 p. m. [task-1] INFO  org.hibernate.jpa.internal.util.LogHelper - HHH000204: Processing PersistenceUnitInfo [name: default]
2023-abr.-17 23:35:22 p. m. [task-1] INFO  org.hibernate.Version - HHH000412: Hibernate ORM core version 5.4.23.Final
2023-abr.-17 23:35:22 p. m. [task-1] INFO  org.hibernate.annotations.common.Version - HCANN000001: Hibernate Commons Annotations {5.1.2.Final}
2023-abr.-17 23:35:23 p. m. [task-1] INFO  org.hibernate.dialect.Dialect - HHH000400: Using dialect: org.hibernate.dialect.PostgreSQLDialect
2023-abr.-17 23:35:24 p. m. [task-1] INFO  org.hibernate.engine.transaction.jta.platform.internal.JtaPlatformInitiator - HHH000490: Using JtaPlatform implementation: [org.hibernate.engine.transaction.jta.platform.internal.NoJtaPlatform]
2023-abr.-17 23:35:24 p. m. [main] DEBUG org.hibernate.SQL - select country1_.name as col_0_0_, distance2_.to_buenos_aires as col_1_0_, count(*) as col_2_0_ from geolocatedip geolocated0_ inner join countries country1_ on (country1_.code_iso=geolocated0_.country) inner join distances distance2_ on (geolocated0_.country=distance2_.country) group by country1_.name , distance2_.to_buenos_aires
2023-abr.-17 23:36:52 p. m. [task-1] INFO  org.hibernate.jpa.internal.util.LogHelper - HHH000204: Processing PersistenceUnitInfo [name: default]
2023-abr.-17 23:36:53 p. m. [task-1] INFO  org.hibernate.Version - HHH000412: Hibernate ORM core version 5.4.23.Final
2023-abr.-17 23:36:53 p. m. [task-1] INFO  org.hibernate.annotations.common.Version - HCANN000001: Hibernate Commons Annotations {5.1.2.Final}
2023-abr.-17 23:36:53 p. m. [task-1] INFO  org.hibernate.dialect.Dialect - HHH000400: Using dialect: org.hibernate.dialect.PostgreSQLDialect
2023-abr.-17 23:36:54 p. m. [task-1] INFO  org.hibernate.engine.transaction.jta.platform.internal.JtaPlatformInitiator - HHH000490: Using JtaPlatform implementation: [org.hibernate.engine.transaction.jta.platform.internal.NoJtaPlatform]
2023-abr.-17 23:36:55 p. m. [main] DEBUG org.hibernate.SQL - select country1_.name as col_0_0_, distance2_.to_buenos_aires as col_1_0_, count(*) as col_2_0_ from geolocatedip geolocated0_ inner join countries country1_ on (country1_.code_iso=geolocated0_.country) inner join distances distance2_ on (geolocated0_.country=distance2_.country) group by country1_.name , distance2_.to_buenos_aires
2023-abr.-18 09:39:05 a. m. [task-1] INFO  org.hibernate.jpa.internal.util.LogHelper - HHH000204: Processing PersistenceUnitInfo [name: default]
2023-abr.-18 09:39:05 a. m. [task-1] INFO  org.hibernate.Version - HHH000412: Hibernate ORM core version 5.4.23.Final
2023-abr.-18 09:39:05 a. m. [task-1] INFO  org.hibernate.annotations.common.Version - HCANN000001: Hibernate Commons Annotations {5.1.2.Final}
2023-abr.-18 09:39:06 a. m. [task-1] INFO  org.hibernate.dialect.Dialect - HHH000400: Using dialect: org.hibernate.dialect.PostgreSQLDialect
2023-abr.-18 09:39:06 a. m. [task-1] INFO  org.hibernate.engine.transaction.jta.platform.internal.JtaPlatformInitiator - HHH000490: Using JtaPlatform implementation: [org.hibernate.engine.transaction.jta.platform.internal.NoJtaPlatform]
2023-abr.-18 09:39:43 a. m. [task-1] INFO  org.hibernate.jpa.internal.util.LogHelper - HHH000204: Processing PersistenceUnitInfo [name: default]
2023-abr.-18 09:39:43 a. m. [task-1] INFO  org.hibernate.Version - HHH000412: Hibernate ORM core version 5.4.23.Final
2023-abr.-18 09:39:43 a. m. [task-1] INFO  org.hibernate.annotations.common.Version - HCANN000001: Hibernate Commons Annotations {5.1.2.Final}
2023-abr.-18 09:39:44 a. m. [task-1] INFO  org.hibernate.dialect.Dialect - HHH000400: Using dialect: org.hibernate.dialect.PostgreSQLDialect
2023-abr.-18 09:39:44 a. m. [task-1] INFO  org.hibernate.engine.transaction.jta.platform.internal.JtaPlatformInitiator - HHH000490: Using JtaPlatform implementation: [org.hibernate.engine.transaction.jta.platform.internal.NoJtaPlatform]
2023-abr.-18 09:39:45 a. m. [main] DEBUG org.hibernate.SQL - select geolocated0_.ip as ip1_3_0_, geolocated0_.country as country2_3_0_, country1_.code_iso as code_iso1_0_1_, country1_.currency as currency7_0_1_, country1_.languages as language2_0_1_, country1_.latitude as latitude3_0_1_, country1_.longitude as longitud4_0_1_, country1_.name as name5_0_1_, country1_.timezones as timezone6_0_1_, currency2_.code as code1_1_2_, currency2_.name as name2_1_2_ from geolocatedip geolocated0_ left outer join countries country1_ on geolocated0_.country=country1_.code_iso left outer join currencies currency2_ on country1_.currency=currency2_.code where geolocated0_.ip=?
2023-abr.-18 09:39:45 a. m. [main] DEBUG org.hibernate.SQL - select country0_.code_iso as code_iso1_0_0_, country0_.currency as currency7_0_0_, country0_.languages as language2_0_0_, country0_.latitude as latitude3_0_0_, country0_.longitude as longitud4_0_0_, country0_.name as name5_0_0_, country0_.timezones as timezone6_0_0_, currency1_.code as code1_1_1_, currency1_.name as name2_1_1_ from countries country0_ left outer join currencies currency1_ on country0_.currency=currency1_.code where country0_.code_iso=?
2023-abr.-18 09:39:46 a. m. [main] DEBUG org.hibernate.SQL - select country0_.code_iso as code_iso1_0_1_, country0_.currency as currency7_0_1_, country0_.languages as language2_0_1_, country0_.latitude as latitude3_0_1_, country0_.longitude as longitud4_0_1_, country0_.name as name5_0_1_, country0_.timezones as timezone6_0_1_, currency1_.code as code1_1_0_, currency1_.name as name2_1_0_ from countries country0_ left outer join currencies currency1_ on country0_.currency=currency1_.code where country0_.code_iso=?
2023-abr.-18 09:39:46 a. m. [main] DEBUG org.hibernate.SQL - select currency0_.code as code1_1_0_, currency0_.name as name2_1_0_ from currencies currency0_ where currency0_.code=?
2023-abr.-18 09:39:46 a. m. [main] DEBUG org.hibernate.SQL - insert into currencies (name, code) values (?, ?)
2023-abr.-18 09:39:46 a. m. [main] DEBUG org.hibernate.SQL - insert into countries (currency, languages, latitude, longitude, name, timezones, code_iso) values (?, ?, ?, ?, ?, ?, ?)
2023-abr.-18 09:39:46 a. m. [main] DEBUG org.hibernate.SQL - select geolocated0_.ip as ip1_3_2_, geolocated0_.country as country2_3_2_, country1_.code_iso as code_iso1_0_0_, country1_.currency as currency7_0_0_, country1_.languages as language2_0_0_, country1_.latitude as latitude3_0_0_, country1_.longitude as longitud4_0_0_, country1_.name as name5_0_0_, country1_.timezones as timezone6_0_0_, currency2_.code as code1_1_1_, currency2_.name as name2_1_1_ from geolocatedip geolocated0_ left outer join countries country1_ on geolocated0_.country=country1_.code_iso left outer join currencies currency2_ on country1_.currency=currency2_.code where geolocated0_.ip=?
2023-abr.-18 09:39:46 a. m. [main] DEBUG org.hibernate.SQL - select country0_.code_iso as code_iso1_0_1_, country0_.currency as currency7_0_1_, country0_.languages as language2_0_1_, country0_.latitude as latitude3_0_1_, country0_.longitude as longitud4_0_1_, country0_.name as name5_0_1_, country0_.timezones as timezone6_0_1_, currency1_.code as code1_1_0_, currency1_.name as name2_1_0_ from countries country0_ left outer join currencies currency1_ on country0_.currency=currency1_.code where country0_.code_iso=?
2023-abr.-18 09:39:46 a. m. [main] DEBUG org.hibernate.SQL - insert into geolocatedip (country, ip) values (?, ?)
2023-abr.-18 09:39:46 a. m. [main] DEBUG org.hibernate.SQL - select country_.code_iso, country_.currency as currency7_0_, country_.languages as language2_0_, country_.latitude as latitude3_0_, country_.longitude as longitud4_0_, country_.name as name5_0_, country_.timezones as timezone6_0_ from countries country_ where country_.code_iso=?
2023-abr.-18 09:39:46 a. m. [main] DEBUG org.hibernate.SQL - insert into distances (country, to_buenos_aires) values (?, ?)
2023-abr.-18 09:41:28 a. m. [task-1] INFO  org.hibernate.jpa.internal.util.LogHelper - HHH000204: Processing PersistenceUnitInfo [name: default]
2023-abr.-18 09:41:28 a. m. [task-1] INFO  org.hibernate.Version - HHH000412: Hibernate ORM core version 5.4.23.Final
2023-abr.-18 09:41:29 a. m. [task-1] INFO  org.hibernate.annotations.common.Version - HCANN000001: Hibernate Commons Annotations {5.1.2.Final}
2023-abr.-18 09:41:29 a. m. [task-1] INFO  org.hibernate.dialect.Dialect - HHH000400: Using dialect: org.hibernate.dialect.PostgreSQLDialect
2023-abr.-18 09:41:30 a. m. [task-1] INFO  org.hibernate.engine.transaction.jta.platform.internal.JtaPlatformInitiator - HHH000490: Using JtaPlatform implementation: [org.hibernate.engine.transaction.jta.platform.internal.NoJtaPlatform]
2023-abr.-18 09:41:30 a. m. [main] DEBUG org.hibernate.SQL - select country1_.name as col_0_0_, distance2_.to_buenos_aires as col_1_0_, count(*) as col_2_0_ from geolocatedip geolocated0_ inner join countries country1_ on (country1_.code_iso=geolocated0_.country) inner join distances distance2_ on (geolocated0_.country=distance2_.country) group by country1_.name , distance2_.to_buenos_aires
2023-abr.-18 09:42:35 a. m. [task-1] INFO  org.hibernate.jpa.internal.util.LogHelper - HHH000204: Processing PersistenceUnitInfo [name: default]
2023-abr.-18 09:42:35 a. m. [task-1] INFO  org.hibernate.Version - HHH000412: Hibernate ORM core version 5.4.23.Final
2023-abr.-18 09:42:36 a. m. [task-1] INFO  org.hibernate.annotations.common.Version - HCANN000001: Hibernate Commons Annotations {5.1.2.Final}
2023-abr.-18 09:42:36 a. m. [task-1] INFO  org.hibernate.dialect.Dialect - HHH000400: Using dialect: org.hibernate.dialect.PostgreSQLDialect
2023-abr.-18 09:42:37 a. m. [task-1] INFO  org.hibernate.engine.transaction.jta.platform.internal.JtaPlatformInitiator - HHH000490: Using JtaPlatform implementation: [org.hibernate.engine.transaction.jta.platform.internal.NoJtaPlatform]
2023-abr.-18 09:42:37 a. m. [main] DEBUG org.hibernate.SQL - select distance0_.id as id1_2_, distance0_.country as country3_2_, distance0_.to_buenos_aires as to_bueno2_2_ from distances distance0_
2023-abr.-18 09:42:37 a. m. [main] DEBUG org.hibernate.SQL - select country0_.code_iso as code_iso1_0_0_, country0_.currency as currency7_0_0_, country0_.languages as language2_0_0_, country0_.latitude as latitude3_0_0_, country0_.longitude as longitud4_0_0_, country0_.name as name5_0_0_, country0_.timezones as timezone6_0_0_, currency1_.code as code1_1_1_, currency1_.name as name2_1_1_ from countries country0_ left outer join currencies currency1_ on country0_.currency=currency1_.code where country0_.code_iso=?
2023-abr.-18 09:42:37 a. m. [main] DEBUG org.hibernate.SQL - select country0_.code_iso as code_iso1_0_0_, country0_.currency as currency7_0_0_, country0_.languages as language2_0_0_, country0_.latitude as latitude3_0_0_, country0_.longitude as longitud4_0_0_, country0_.name as name5_0_0_, country0_.timezones as timezone6_0_0_, currency1_.code as code1_1_1_, currency1_.name as name2_1_1_ from countries country0_ left outer join currencies currency1_ on country0_.currency=currency1_.code where country0_.code_iso=?
2023-abr.-18 09:42:37 a. m. [main] DEBUG org.hibernate.SQL - select country0_.code_iso as code_iso1_0_0_, country0_.currency as currency7_0_0_, country0_.languages as language2_0_0_, country0_.latitude as latitude3_0_0_, country0_.longitude as longitud4_0_0_, country0_.name as name5_0_0_, country0_.timezones as timezone6_0_0_, currency1_.code as code1_1_1_, currency1_.name as name2_1_1_ from countries country0_ left outer join currencies currency1_ on country0_.currency=currency1_.code where country0_.code_iso=?
2023-abr.-18 09:42:37 a. m. [main] DEBUG org.hibernate.SQL - select country0_.code_iso as code_iso1_0_0_, country0_.currency as currency7_0_0_, country0_.languages as language2_0_0_, country0_.latitude as latitude3_0_0_, country0_.longitude as longitud4_0_0_, country0_.name as name5_0_0_, country0_.timezones as timezone6_0_0_, currency1_.code as code1_1_1_, currency1_.name as name2_1_1_ from countries country0_ left outer join currencies currency1_ on country0_.currency=currency1_.code where country0_.code_iso=?
2023-abr.-18 09:44:35 a. m. [task-1] INFO  org.hibernate.jpa.internal.util.LogHelper - HHH000204: Processing PersistenceUnitInfo [name: default]
2023-abr.-18 09:44:35 a. m. [task-1] INFO  org.hibernate.Version - HHH000412: Hibernate ORM core version 5.4.23.Final
2023-abr.-18 09:44:36 a. m. [task-1] INFO  org.hibernate.annotations.common.Version - HCANN000001: Hibernate Commons Annotations {5.1.2.Final}
2023-abr.-18 09:44:36 a. m. [task-1] INFO  org.hibernate.dialect.Dialect - HHH000400: Using dialect: org.hibernate.dialect.PostgreSQLDialect
2023-abr.-18 09:44:37 a. m. [task-1] INFO  org.hibernate.engine.transaction.jta.platform.internal.JtaPlatformInitiator - HHH000490: Using JtaPlatform implementation: [org.hibernate.engine.transaction.jta.platform.internal.NoJtaPlatform]
2023-abr.-18 09:44:37 a. m. [main] DEBUG org.hibernate.SQL - select distance0_.id as id1_2_, distance0_.country as country3_2_, distance0_.to_buenos_aires as to_bueno2_2_ from distances distance0_
2023-abr.-18 09:44:37 a. m. [main] DEBUG org.hibernate.SQL - select country0_.code_iso as code_iso1_0_0_, country0_.currency as currency7_0_0_, country0_.languages as language2_0_0_, country0_.latitude as latitude3_0_0_, country0_.longitude as longitud4_0_0_, country0_.name as name5_0_0_, country0_.timezones as timezone6_0_0_, currency1_.code as code1_1_1_, currency1_.name as name2_1_1_ from countries country0_ left outer join currencies currency1_ on country0_.currency=currency1_.code where country0_.code_iso=?
2023-abr.-18 09:44:37 a. m. [main] DEBUG org.hibernate.SQL - select country0_.code_iso as code_iso1_0_0_, country0_.currency as currency7_0_0_, country0_.languages as language2_0_0_, country0_.latitude as latitude3_0_0_, country0_.longitude as longitud4_0_0_, country0_.name as name5_0_0_, country0_.timezones as timezone6_0_0_, currency1_.code as code1_1_1_, currency1_.name as name2_1_1_ from countries country0_ left outer join currencies currency1_ on country0_.currency=currency1_.code where country0_.code_iso=?
2023-abr.-18 09:44:37 a. m. [main] DEBUG org.hibernate.SQL - select country0_.code_iso as code_iso1_0_0_, country0_.currency as currency7_0_0_, country0_.languages as language2_0_0_, country0_.latitude as latitude3_0_0_, country0_.longitude as longitud4_0_0_, country0_.name as name5_0_0_, country0_.timezones as timezone6_0_0_, currency1_.code as code1_1_1_, currency1_.name as name2_1_1_ from countries country0_ left outer join currencies currency1_ on country0_.currency=currency1_.code where country0_.code_iso=?
2023-abr.-18 09:44:37 a. m. [main] DEBUG org.hibernate.SQL - select country0_.code_iso as code_iso1_0_0_, country0_.currency as currency7_0_0_, country0_.languages as language2_0_0_, country0_.latitude as latitude3_0_0_, country0_.longitude as longitud4_0_0_, country0_.name as name5_0_0_, country0_.timezones as timezone6_0_0_, currency1_.code as code1_1_1_, currency1_.name as name2_1_1_ from countries country0_ left outer join currencies currency1_ on country0_.currency=currency1_.code where country0_.code_iso=?
2023-abr.-18 09:46:06 a. m. [task-1] INFO  org.hibernate.jpa.internal.util.LogHelper - HHH000204: Processing PersistenceUnitInfo [name: default]
2023-abr.-18 09:46:06 a. m. [task-1] INFO  org.hibernate.Version - HHH000412: Hibernate ORM core version 5.4.23.Final
2023-abr.-18 09:46:06 a. m. [task-1] INFO  org.hibernate.annotations.common.Version - HCANN000001: Hibernate Commons Annotations {5.1.2.Final}
2023-abr.-18 09:46:06 a. m. [task-1] INFO  org.hibernate.dialect.Dialect - HHH000400: Using dialect: org.hibernate.dialect.PostgreSQLDialect
2023-abr.-18 09:46:07 a. m. [task-1] INFO  org.hibernate.engine.transaction.jta.platform.internal.JtaPlatformInitiator - HHH000490: Using JtaPlatform implementation: [org.hibernate.engine.transaction.jta.platform.internal.NoJtaPlatform]
2023-abr.-18 09:46:07 a. m. [main] DEBUG org.hibernate.SQL - select country1_.name as col_0_0_, distance2_.to_buenos_aires as col_1_0_, count(*) as col_2_0_ from geolocatedip geolocated0_ inner join countries country1_ on (country1_.code_iso=geolocated0_.country) inner join distances distance2_ on (geolocated0_.country=distance2_.country) group by country1_.name , distance2_.to_buenos_aires
